<?xml version="1.0" encoding="UTF-8"?>
<!-- Generated by org.testng.reporters.JUnitReportReporter -->
<testsuite hostname="MegatronM609" failures="0" tests="2" name="sqa.AppAutomationTest.AppTest" time="108.594" errors="0" timestamp="2024-03-17T15:10:36 BDT" skipped="0">
  <testcase classname="sqa.AppAutomationTest.AppTest" name="app_test_1" time="32.359"/>
  <testcase classname="sqa.AppAutomationTest.AppTest" name="app_test_2" time="76.235"/>
</testsuite> <!-- sqa.AppAutomationTest.AppTest -->
